Symptom anxiety présent 5 fois
Symptom arrhythmias présent 3 fois
Symptom blindness présent 1 fois
Symptom blurred vision présent 5 fois
Symptom constricted pupils présent 3 fois
Symptom cough présent 6 fois
Symptom dialated pupils présent 4 fois
Symptom dizziness présent 5 fois
Symptom dry mouth présent 8 fois
Symptom fever présent 7 fois
Symptom headache présent 3 fois
Symptom high blood pressure présent 10 fois
Symptom inflamation présent 7 fois
Symptom insomnia présent 4 fois
Symptom low blood pressure présent 4 fois
Symptom nausea présent 5 fois
Symptom rapid heart rate présent 1 fois
Symptom rash présent 4 fois
Symptom shortness of breath présent 3 fois
Symptom stiff neck présent 4 fois
Symptom stomach pain présent 3 fois
Symptom titi présent 2 fois
Symptom toto présent 2 fois
Symptom tremor présent 4 fois
Symptom water retention présent 1 fois
